<?xml version="1.0" encoding="UTF-8"?>
<testng-results skipped="0" failed="0" ignored="0" total="1" passed="1">
  <reporter-output>
  </reporter-output>
  <suite name="Default suite" duration-ms="201336" started-at="2018-07-08T18:48:37Z" finished-at="2018-07-08T18:51:58Z">
    <groups>
    </groups>
    <test name="Default test" duration-ms="201336" started-at="2018-07-08T18:48:37Z" finished-at="2018-07-08T18:51:58Z">
      <class name="july8.HandleAutoIT">
        <test-method status="PASS" signature="test()[pri:0, instance:july8.HandleAutoIT@1b604f19]" name="test" duration-ms="201271" started-at="2018-07-08T18:48:37Z" finished-at="2018-07-08T18:51:58Z">
          <reporter-output>
          </reporter-output>
        </test-method> <!-- test -->
      </class> <!-- july8.HandleAutoIT -->
    </test> <!-- Default test -->
  </suite> <!-- Default suite -->
</testng-results>
