<?xml version="1.0" encoding="UTF-8"?>
<!-- Generated by org.testng.reporters.JUnitXMLReporter -->
<testsuite hostname="Admin-PC" ignored="0" name="Demo1" tests="3" failures="0" timestamp="28 Jun 2018 02:00:36 GMT" time="0.185" errors="0">
  <testcase name="addEmployee" time="0.022" classname="june23.AnnotationsDemo"/>
  <testcase name="editEmployee" time="0.026" classname="june23.AnnotationsDemo"/>
  <testcase name="deleteEmployee" time="0.004" classname="june23.AnnotationsDemo"/>
</testsuite> <!-- Demo1 -->
