<?xml version="1.0" encoding="UTF-8"?>
<!-- Generated by org.testng.reporters.JUnitXMLReporter -->
<testsuite hostname="Admin-PC" ignored="0" name="Parallel" tests="4" failures="0" timestamp="28 Jun 2018 01:38:00 GMT" time="91.599" errors="0">
  <testcase name="test90" time="0.487" classname="june28.ParallelDemo"/>
  <testcase name="test91" time="0.536" classname="june28.ParallelDemo1"/>
  <testcase name="test1" time="19.449" classname="june28.ParallelDemo"/>
  <testcase name="test100" time="91.483" classname="june28.ParallelDemo1"/>
</testsuite> <!-- Parallel -->
