<?xml version="1.0" encoding="UTF-8"?>
<!-- Generated by org.testng.reporters.JUnitXMLReporter -->
<testsuite hostname="Admin-PC" ignored="5" name="GroupsTest" tests="2" failures="0" timestamp="29 Jun 2018 01:09:12 GMT" time="0.352" errors="0">
  <testcase name="test3" time="0.032" classname="june29.GroupsDemo"/>
  <testcase name="test5" time="0.002" classname="june29.GroupsDemo"/>
  <testcase name="test4" time="0.0" classname="june29.GroupsDemo">
    <ignored/>
  </testcase> <!-- test4 -->
  <testcase name="test2" time="0.0" classname="june29.GroupsDemo">
    <ignored/>
  </testcase> <!-- test2 -->
  <testcase name="test90" time="0.0" classname="june29.GroupsDemo1">
    <ignored/>
  </testcase> <!-- test90 -->
  <testcase name="test91" time="0.0" classname="june29.GroupsDemo1">
    <ignored/>
  </testcase> <!-- test91 -->
  <testcase name="test1" time="0.0" classname="june29.GroupsDemo">
    <ignored/>
  </testcase> <!-- test1 -->
</testsuite> <!-- GroupsTest -->
