<?xml version="1.0" encoding="UTF-8"?>
<!-- Generated by org.testng.reporters.JUnitXMLReporter -->
<testsuite hostname="Admin-PC" ignored="0" name="Regression" tests="3" failures="0" timestamp="23 Jun 2018 01:01:48 GMT" time="0.142" errors="0">
  <testcase name="demo" time="0.03" classname="miscScripts.TestNGDemo"/>
  <testcase name="demo2" time="0.007" classname="miscScripts.TestNGDemo"/>
  <testcase name="demo3" time="0.002" classname="miscScripts.TestNGDemo"/>
</testsuite> <!-- Regression -->
