<?xml version="1.0" encoding="UTF-8"?>
<!-- Generated by org.testng.reporters.JUnitXMLReporter -->
<testsuite hostname="Admin-PC" ignored="0" name="TestNGTest2" tests="1" failures="0" timestamp="28 Jun 2018 01:02:12 GMT" time="58.352" errors="0">
  <testcase name="@BeforeClass OrangeHRMBrowserLaunch" time="58.156" classname="june26.ParameterizeDemo">
    <failure type="org.openqa.selenium.json.JsonException" message="Unable to convert: Error 404: Not Found
Not Found
Build info: version: &amp;apos;3.10.0&amp;apos;, revision: &amp;apos;176b4a9&amp;apos;, time: &amp;apos;2018-03-02T19:10:56.039Z&amp;apos;
System info: host: &amp;apos;ADMIN-PC&amp;apos;, ip: &amp;apos;192.168.0.7&amp;apos;, os.name: &amp;apos;Windows 7&amp;apos;, os.arch: &amp;apos;amd64&amp;apos;, os.version: &amp;apos;6.1&amp;apos;, java.version: &amp;apos;1.8.0_144&amp;apos;
Driver info: driver.version: RemoteWebDriver">
      <![CDATA[org.openqa.selenium.json.JsonException: Unable to convert: Error 404: Not Found
Not Found
Build info: version: '3.10.0', revision: '176b4a9', time: '2018-03-02T19:10:56.039Z'
System info: host: 'ADMIN-PC', ip: '192.168.0.7', os.name: 'Windows 7', os.arch: 'amd64', os.version: '6.1', java.version: '1.8.0_144'
Driver info: driver.version: RemoteWebDriver
at com.google.gson.JsonParser.parse(JsonParser.java:65)
at com.google.gson.JsonParser.parse(JsonParser.java:45)
at org.openqa.selenium.json.JsonToBeanConverter.convert(JsonToBeanConverter.java:201)
at org.openqa.selenium.json.JsonToBeanConverter.convert(JsonToBeanConverter.java:55)
at org.openqa.selenium.json.Json.toType(Json.java:80)
at org.openqa.selenium.remote.http.W3CHttpResponseCodec.decode(W3CHttpResponseCodec.java:87)
at org.openqa.selenium.remote.http.W3CHttpResponseCodec.decode(W3CHttpResponseCodec.java:49)
at org.openqa.selenium.remote.HttpCommandExecutor.execute(HttpCommandExecutor.java:160)
at org.openqa.selenium.remote.service.DriverCommandExecutor.execute(DriverCommandExecutor.java:83)
at org.openqa.selenium.remote.RemoteWebDriver.execute(RemoteWebDriver.java:601)
at org.openqa.selenium.remote.RemoteWebDriver.get(RemoteWebDriver.java:325)
at june26.ParameterizeDemo.OrangeHRMBrowserLaunch(ParameterizeDemo.java:40)
at java.util.concurrent.FutureTask.run(Unknown Source)
at java.util.concurrent.ThreadPoolExecutor.runWorker(Unknown Source)
at java.util.concurrent.ThreadPoolExecutor$Worker.run(Unknown Source)
at java.lang.Thread.run(Unknown Source)
Caused by: com.google.gson.JsonSyntaxException: com.google.gson.stream.MalformedJsonException: Use JsonReader.setLenient(true) to accept malformed JSON at line 1 column 8 path $
... 33 more
Caused by: com.google.gson.stream.MalformedJsonException: Use JsonReader.setLenient(true) to accept malformed JSON at line 1 column 8 path $
at com.google.gson.stream.JsonReader.syntaxError(JsonReader.java:1568)
at com.google.gson.stream.JsonReader.checkLenient(JsonReader.java:1409)
at com.google.gson.stream.JsonReader.doPeek(JsonReader.java:542)
at com.google.gson.stream.JsonReader.peek(JsonReader.java:425)
at com.google.gson.JsonParser.parse(JsonParser.java:60)
... 32 more
... Removed 17 stack frames]]>
    </failure>
  </testcase> <!-- @BeforeClass OrangeHRMBrowserLaunch -->
  <testcase name="@AfterClass tearDown" time="0.0" classname="june26.ParameterizeDemo">
    <skipped/>
  </testcase> <!-- @AfterClass tearDown -->
  <testcase name="orangeHRMLogin" time="0.0" classname="june26.ParameterizeDemo">
    <skipped/>
  </testcase> <!-- orangeHRMLogin -->
</testsuite> <!-- TestNGTest2 -->
